[2026-01-07T04:36:10.421Z] POST /api/auth/login | Body Size: 56
[2026-01-07T04:36:31.351Z] POST /api/auth/register | Body Size: 87
[2026-01-07T04:36:40.362Z] POST /api/auth/login | Body Size: 56
[2026-01-07T04:36:59.455Z] POST /api/auth/login | Body Size: 46
[2026-01-07T04:37:15.046Z] POST /api/auth/register | Body Size: 77
[2026-01-07T04:37:26.745Z] POST /api/auth/login | Body Size: 46
[2026-01-07T04:39:40.888Z] POST /api/auth/register | Body Size: 78
[2026-01-07T04:39:47.378Z] POST /api/auth/login | Body Size: 46
[2026-01-07T04:40:15.945Z] POST /api/auth/login | Body Size: 46
[2026-01-07T04:47:53.914Z] POST /api/issues | Body Size: 693486
[2026-01-07T04:48:14.956Z] POST /api/auth/login | Body Size: 56
[2026-01-07T04:48:40.908Z] POST /api/auth/login | Body Size: 46
[2026-01-07T04:49:07.352Z] POST /api/issues | Body Size: 693412
[2026-01-07T04:49:33.673Z] POST /api/auth/login | Body Size: 56
[2026-01-07T04:51:50.651Z] POST /api/issues | Body Size: 693385
[2026-01-07T04:52:41.390Z] POST /api/issues | Body Size: 693450
[2026-01-07T04:53:37.945Z] POST /api/auth/login | Body Size: 46
[2026-01-07T04:55:05.845Z] POST /api/auth/login | Body Size: 46
[2026-01-07T04:55:18.511Z] POST /api/auth/register | Body Size: 78
[2026-01-07T04:55:27.950Z] POST /api/auth/login | Body Size: 46
[2026-01-07T04:55:57.187Z] POST /api/issues | Body Size: 693423
[2026-01-07T04:56:43.227Z] POST /api/issues | Body Size: 25110
[2026-01-07T04:57:48.142Z] POST /api/auth/login | Body Size: 56
[2026-01-07T04:59:09.097Z] POST /api/issues | Body Size: 693397
[2026-01-07T05:00:41.463Z] POST /api/issues | Body Size: 212
[2026-01-07T05:01:19.428Z] POST /api/auth/login | Body Size: 46
[2026-01-07T05:09:48.743Z] POST /api/auth/login | Body Size: 56
[2026-01-07T05:10:10.486Z] POST /api/auth/register | Body Size: 77
[2026-01-07T05:10:22.341Z] POST /api/auth/login | Body Size: 46
[2026-01-07T05:10:26.325Z] POST /api/auth/login | Body Size: 46
[2026-01-07T06:00:07.463Z] POST /api/auth/register | Body Size: 83
[2026-01-07T06:00:12.649Z] POST /api/auth/login | Body Size: 52
[2026-01-07T06:01:22.202Z] POST /api/auth/register | Body Size: 82
[2026-01-07T06:01:28.179Z] POST /api/auth/login | Body Size: 50
[2026-01-07T06:02:20.032Z] POST /api/auth/register | Body Size: 85
[2026-01-07T06:02:26.736Z] POST /api/auth/login | Body Size: 53
[2026-01-07T06:06:09.890Z] POST /api/ai/process-voice | Body Size: 41
[2026-01-07T06:07:16.875Z] POST /api/issues | Body Size: 945386
[2026-01-07T06:08:41.170Z] POST /api/ai/process-voice | Body Size: 16
[2026-01-07T06:09:22.566Z] POST /api/ai/process-voice | Body Size: 16
[2026-01-07T06:10:24.995Z] POST /api/auth/login | Body Size: 52
[2026-01-07T06:10:52.956Z] POST /api/auth/login | Body Size: 53
[2026-01-07T06:11:54.383Z] POST /api/ai/process-voice | Body Size: 31
[2026-01-07T06:11:59.953Z] POST /api/issues | Body Size: 993465
[2026-01-07T06:12:16.524Z] POST /api/auth/login | Body Size: 52
[2026-01-07T06:12:25.713Z] POST /api/auth/login | Body Size: 50
[2026-01-07T06:54:39.397Z] POST /api/auth/register | Body Size: 89
[2026-01-07T06:54:55.208Z] POST /api/auth/login | Body Size: 53
[2026-01-07T06:55:29.740Z] POST /api/auth/login | Body Size: 52
[2026-01-07T06:55:50.965Z] POST /api/auth/register | Body Size: 83
[2026-01-07T06:56:04.311Z] POST /api/auth/login | Body Size: 52
[2026-01-07T06:56:51.505Z] POST /api/auth/register | Body Size: 85
[2026-01-07T06:56:57.425Z] POST /api/auth/login | Body Size: 53
[2026-01-07T07:01:34.188Z] POST /api/ai/process-voice | Body Size: 415660
[2026-01-07T07:02:21.135Z] POST /api/ai/process-voice | Body Size: 273720
[2026-01-07T07:03:31.431Z] POST /api/ai/process-voice | Body Size: 283576
[2026-01-07T07:06:31.520Z] POST /api/auth/login | Body Size: 52
[2026-01-07T07:10:04.592Z] POST /api/auth/login | Body Size: 53
[2026-01-07T07:13:54.920Z] POST /api/auth/login | Body Size: 52
[2026-01-07T07:14:10.861Z] POST /api/issues | Body Size: 518585
[2026-01-07T07:15:00.759Z] POST /api/issues | Body Size: 204
[2026-01-07T07:19:08.578Z] GET /api/issues | Body Size: 0
[2026-01-07T07:19:42.499Z] POST /api/auth/login | Body Size: 53
[2026-01-07T07:20:09.921Z] POST /api/auth/register | Body Size: 85
[2026-01-07T07:20:15.765Z] POST /api/auth/login | Body Size: 53
[2026-01-07T07:20:51.311Z] POST /api/issues | Body Size: 1168615
[2026-01-07T07:20:55.386Z] GET /api/issues | Body Size: 0
[2026-01-07T07:21:04.351Z] GET /api/issues | Body Size: 0
[2026-01-07T07:21:04.375Z] GET /api/issues | Body Size: 0
[2026-01-07T07:21:10.602Z] GET /api/issues/public | Body Size: 0
[2026-01-07T07:21:23.554Z] GET /api/issues | Body Size: 0
[2026-01-07T07:21:23.574Z] GET /api/issues | Body Size: 0
[2026-01-07T07:21:26.469Z] GET /api/issues | Body Size: 0
[2026-01-07T07:21:26.492Z] GET /api/issues | Body Size: 0
[2026-01-07T07:21:39.844Z] GET /api/issues | Body Size: 0
[2026-01-07T07:21:39.869Z] GET /api/issues | Body Size: 0
[2026-01-07T07:22:08.587Z] POST /api/auth/register | Body Size: 83
[2026-01-07T07:22:12.643Z] POST /api/auth/login | Body Size: 52
[2026-01-07T07:22:12.827Z] GET /api/issues | Body Size: 0
[2026-01-07T07:22:12.850Z] GET /api/auth/workers | Body Size: 0
[2026-01-07T07:23:47.069Z] POST /api/auth/register | Body Size: 82
[2026-01-07T07:23:57.513Z] POST /api/auth/login | Body Size: 50
[2026-01-07T07:23:57.733Z] GET /api/issues | Body Size: 0
[2026-01-07T07:24:08.364Z] POST /api/auth/login | Body Size: 52
[2026-01-07T07:24:08.546Z] GET /api/issues | Body Size: 0
[2026-01-07T07:24:08.570Z] GET /api/auth/workers | Body Size: 0
[2026-01-07T07:24:15.873Z] PUT /api/issues/695e0953dd05aa30e142ae0a/assign | Body Size: 39
[2026-01-07T07:24:15.934Z] GET /api/issues | Body Size: 0
[2026-01-07T07:24:15.964Z] GET /api/auth/workers | Body Size: 0
[2026-01-07T07:24:27.315Z] POST /api/auth/login | Body Size: 50
[2026-01-07T07:24:27.546Z] GET /api/issues | Body Size: 0
[2026-01-07T07:25:01.552Z] POST /api/auth/login | Body Size: 52
[2026-01-07T07:25:01.733Z] GET /api/issues | Body Size: 0
[2026-01-07T07:25:01.757Z] GET /api/auth/workers | Body Size: 0
[2026-01-07T07:29:20.533Z] GET /api/issues | Body Size: 0
[2026-01-07T07:29:20.569Z] GET /api/auth/workers | Body Size: 0
[2026-01-07T07:29:20.611Z] GET /api/issues | Body Size: 0
[2026-01-07T07:29:20.651Z] GET /api/auth/workers | Body Size: 0
[2026-01-07T07:30:09.732Z] GET /api/issues | Body Size: 0
[2026-01-07T07:30:09.755Z] GET /api/auth/workers | Body Size: 0
[2026-01-07T07:30:09.777Z] GET /api/issues | Body Size: 0
[2026-01-07T07:30:09.800Z] GET /api/auth/workers | Body Size: 0
[2026-01-07T07:30:11.797Z] GET /api/issues | Body Size: 0
[2026-01-07T07:30:11.820Z] GET /api/auth/workers | Body Size: 0
[2026-01-07T07:30:27.750Z] POST /api/auth/login | Body Size: 53
[2026-01-07T07:32:12.972Z] POST /api/auth/login | Body Size: 50
[2026-01-07T07:32:13.173Z] GET /api/issues | Body Size: 0
[2026-01-07T07:38:28.979Z] POST /api/auth/login | Body Size: 50
[2026-01-07T07:38:29.199Z] GET /api/issues | Body Size: 0
[2026-01-07T07:38:40.074Z] POST /api/auth/login | Body Size: 52
[2026-01-07T07:38:40.307Z] GET /api/issues | Body Size: 0
[2026-01-07T07:38:40.330Z] GET /api/auth/workers | Body Size: 0
[2026-01-07T07:39:12.904Z] POST /api/auth/login | Body Size: 53
[2026-01-07T07:46:42.059Z] POST /api/auth/login | Body Size: 50
[2026-01-07T07:46:42.280Z] GET /api/issues | Body Size: 0
[2026-01-07T09:15:59.991Z] GET /api/issues | Body Size: 0
[2026-01-07T09:16:00.012Z] GET /api/issues | Body Size: 0
[2026-01-07T09:16:09.794Z] POST /api/auth/login | Body Size: 53
[2026-01-07T09:17:22.494Z] POST /api/auth/login | Body Size: 52
[2026-01-07T09:17:22.706Z] GET /api/issues | Body Size: 0
[2026-01-07T09:17:22.734Z] GET /api/auth/workers | Body Size: 0
[2026-01-07T09:24:06.124Z] POST /api/auth/login | Body Size: 50
[2026-01-07T09:24:39.595Z] POST /api/auth/register | Body Size: 82
[2026-01-07T09:24:53.443Z] POST /api/auth/login | Body Size: 50
[2026-01-07T09:25:07.708Z] POST /api/auth/login | Body Size: 50
[2026-01-07T09:25:07.932Z] GET /api/issues | Body Size: 0
[2026-01-07T15:52:31.788Z] POST /api/auth/login | Body Size: 52
[2026-01-07T15:52:33.712Z] POST /api/auth/login | Body Size: 52
[2026-01-07T15:52:34.488Z] POST /api/auth/login | Body Size: 52
[2026-01-07T15:52:34.691Z] POST /api/auth/login | Body Size: 52
[2026-01-07T15:52:34.880Z] POST /api/auth/login | Body Size: 52
[2026-01-07T16:12:24.824Z] POST /api/auth/register | Body Size: 83
[2026-01-07T16:13:33.341Z] POST /api/auth/register | Body Size: 81
[2026-01-07T16:14:10.094Z] POST /api/auth/register | Body Size: 90
[2026-01-07T16:14:18.875Z] POST /api/auth/login | Body Size: 52
[2026-01-07T16:14:19.138Z] GET /api/issues | Body Size: 0
[2026-01-07T16:14:19.159Z] GET /api/auth/workers | Body Size: 0
[2026-01-07T16:14:30.787Z] GET /api/issues | Body Size: 0
[2026-01-07T16:14:30.807Z] GET /api/auth/workers | Body Size: 0
[2026-01-07T16:14:33.875Z] GET /api/issues | Body Size: 0
[2026-01-07T16:14:33.897Z] GET /api/auth/workers | Body Size: 0
[2026-01-07T16:15:21.320Z] POST /api/auth/login | Body Size: 49
[2026-01-07T16:15:31.896Z] POST /api/auth/login | Body Size: 49
[2026-01-07T16:15:32.139Z] GET /api/issues | Body Size: 0
[2026-01-07T16:21:25.968Z] GET /api/issues | Body Size: 0
[2026-01-07T16:21:46.934Z] GET /api/issues | Body Size: 0
[2026-01-07T16:21:46.955Z] GET /api/issues | Body Size: 0
[2026-01-07T17:33:25.825Z] GET /api/issues | Body Size: 0
[2026-01-07T17:47:28.347Z] GET /api/issues | Body Size: 0
[2026-01-07T17:56:34.915Z] GET /api/issues | Body Size: 0
[2026-01-07T18:02:43.822Z] GET /api/issues | Body Size: 0
[2026-01-07T18:02:43.866Z] GET /api/issues | Body Size: 0
[2026-01-07T18:02:43.883Z] GET /api/auth/workers | Body Size: 0
[2026-01-07T18:10:14.258Z] GET /api/issues | Body Size: 0
[2026-01-07T18:10:14.306Z] GET /api/auth/workers | Body Size: 0
[2026-01-07T18:10:14.315Z] GET /api/issues | Body Size: 0
[2026-01-07T23:18:01.908Z] POST /api/auth/login | Body Size: 49
[2026-01-07T23:18:15.306Z] POST /api/auth/login | Body Size: 49
[2026-01-07T23:18:15.537Z] GET /api/issues | Body Size: 0
[2026-01-07T23:22:54.114Z] GET /api/issues/public | Body Size: 0
[2026-01-07T23:22:59.112Z] GET /api/issues | Body Size: 0
[2026-01-07T23:23:08.720Z] GET /api/issues | Body Size: 0
[2026-01-07T23:23:08.741Z] GET /api/issues | Body Size: 0
[2026-01-07T23:33:02.732Z] POST /api/auth/login | Body Size: 49
[2026-01-07T23:41:31.288Z] GET /api/issues/public | Body Size: 0
[2026-01-07T23:41:35.649Z] GET /api/issues/public | Body Size: 0
[2026-01-07T23:41:35.672Z] GET /api/issues/public | Body Size: 0
[2026-01-07T23:45:57.236Z] GET /api/issues/public | Body Size: 0
[2026-01-07T23:45:57.258Z] GET /api/issues/public | Body Size: 0
[2026-01-08T00:01:30.664Z] POST /api/auth/login | Body Size: 49
