Resolve Error: BSONObj size: 17409197 (0x109A4AD) is invalid. Size must be between 0 and 16793600(16MB) First element: _id: ObjectId('695f6562bf6f8e825c4df65b')
Stack: MongoServerError: BSONObj size: 17409197 (0x109A4AD) is invalid. Size must be between 0 and 16793600(16MB) First element: _id: ObjectId('695f6562bf6f8e825c4df65b')
    at UpdateOneOperation.handleOk (/Users/salman/Downloads/Antigravity (1)/Antigravity/Antigravity/server/node_modules/mongodb/lib/operations/update.js:70:19)
    at tryOperation (/Users/salman/Downloads/Antigravity (1)/Antigravity/Antigravity/server/node_modules/mongodb/lib/operations/execute_operation.js:216:34)
    at process.processTicksAndRejections (node:internal/process/task_queues:103:5)
    at async executeOperation (/Users/salman/Downloads/Antigravity (1)/Antigravity/Antigravity/server/node_modules/mongodb/lib/operations/execute_operation.js:80:16)
    at async Collection.updateOne (/Users/salman/Downloads/Antigravity (1)/Antigravity/Antigravity/server/node_modules/mongodb/lib/collection.js:238:16)
    at async model.$__save (/Users/salman/Downloads/Antigravity (1)/Antigravity/Antigravity/server/node_modules/mongoose/lib/model.js:451:18)
    at async model.save (/Users/salman/Downloads/Antigravity (1)/Antigravity/Antigravity/server/node_modules/mongoose/lib/model.js:609:5)
    at async exports.resolveIssue (/Users/salman/Downloads/Antigravity (1)/Antigravity/Antigravity/server/controllers/issueController.js:142:9)
Resolve Error: BSONObj size: 17409197 (0x109A4AD) is invalid. Size must be between 0 and 16793600(16MB) First element: _id: ObjectId('695f6562bf6f8e825c4df65b')
Stack: MongoServerError: BSONObj size: 17409197 (0x109A4AD) is invalid. Size must be between 0 and 16793600(16MB) First element: _id: ObjectId('695f6562bf6f8e825c4df65b')
    at UpdateOneOperation.handleOk (/Users/salman/Downloads/Antigravity (1)/Antigravity/Antigravity/server/node_modules/mongodb/lib/operations/update.js:70:19)
    at tryOperation (/Users/salman/Downloads/Antigravity (1)/Antigravity/Antigravity/server/node_modules/mongodb/lib/operations/execute_operation.js:216:34)
    at process.processTicksAndRejections (node:internal/process/task_queues:103:5)
    at async executeOperation (/Users/salman/Downloads/Antigravity (1)/Antigravity/Antigravity/server/node_modules/mongodb/lib/operations/execute_operation.js:80:16)
    at async Collection.updateOne (/Users/salman/Downloads/Antigravity (1)/Antigravity/Antigravity/server/node_modules/mongodb/lib/collection.js:238:16)
    at async model.$__save (/Users/salman/Downloads/Antigravity (1)/Antigravity/Antigravity/server/node_modules/mongoose/lib/model.js:451:18)
    at async model.save (/Users/salman/Downloads/Antigravity (1)/Antigravity/Antigravity/server/node_modules/mongoose/lib/model.js:609:5)
    at async exports.resolveIssue (/Users/salman/Downloads/Antigravity (1)/Antigravity/Antigravity/server/controllers/issueController.js:142:9)
Resolve Error: BSONObj size: 17409197 (0x109A4AD) is invalid. Size must be between 0 and 16793600(16MB) First element: _id: ObjectId('695f6562bf6f8e825c4df65b')
Stack: MongoServerError: BSONObj size: 17409197 (0x109A4AD) is invalid. Size must be between 0 and 16793600(16MB) First element: _id: ObjectId('695f6562bf6f8e825c4df65b')
    at UpdateOneOperation.handleOk (/Users/salman/Downloads/Antigravity (1)/Antigravity/Antigravity/server/node_modules/mongodb/lib/operations/update.js:70:19)
    at tryOperation (/Users/salman/Downloads/Antigravity (1)/Antigravity/Antigravity/server/node_modules/mongodb/lib/operations/execute_operation.js:216:34)
    at process.processTicksAndRejections (node:internal/process/task_queues:103:5)
    at async executeOperation (/Users/salman/Downloads/Antigravity (1)/Antigravity/Antigravity/server/node_modules/mongodb/lib/operations/execute_operation.js:80:16)
    at async Collection.updateOne (/Users/salman/Downloads/Antigravity (1)/Antigravity/Antigravity/server/node_modules/mongodb/lib/collection.js:238:16)
    at async model.$__save (/Users/salman/Downloads/Antigravity (1)/Antigravity/Antigravity/server/node_modules/mongoose/lib/model.js:451:18)
    at async model.save (/Users/salman/Downloads/Antigravity (1)/Antigravity/Antigravity/server/node_modules/mongoose/lib/model.js:609:5)
    at async exports.resolveIssue (/Users/salman/Downloads/Antigravity (1)/Antigravity/Antigravity/server/controllers/issueController.js:142:9)
Resolve Error: BSONObj size: 17409197 (0x109A4AD) is invalid. Size must be between 0 and 16793600(16MB) First element: _id: ObjectId('695f6562bf6f8e825c4df65b')
Stack: MongoServerError: BSONObj size: 17409197 (0x109A4AD) is invalid. Size must be between 0 and 16793600(16MB) First element: _id: ObjectId('695f6562bf6f8e825c4df65b')
    at UpdateOneOperation.handleOk (/Users/salman/Downloads/Antigravity (1)/Antigravity/Antigravity/server/node_modules/mongodb/lib/operations/update.js:70:19)
    at tryOperation (/Users/salman/Downloads/Antigravity (1)/Antigravity/Antigravity/server/node_modules/mongodb/lib/operations/execute_operation.js:216:34)
    at process.processTicksAndRejections (node:internal/process/task_queues:103:5)
    at async executeOperation (/Users/salman/Downloads/Antigravity (1)/Antigravity/Antigravity/server/node_modules/mongodb/lib/operations/execute_operation.js:80:16)
    at async Collection.updateOne (/Users/salman/Downloads/Antigravity (1)/Antigravity/Antigravity/server/node_modules/mongodb/lib/collection.js:238:16)
    at async model.$__save (/Users/salman/Downloads/Antigravity (1)/Antigravity/Antigravity/server/node_modules/mongoose/lib/model.js:451:18)
    at async model.save (/Users/salman/Downloads/Antigravity (1)/Antigravity/Antigravity/server/node_modules/mongoose/lib/model.js:609:5)
    at async exports.resolveIssue (/Users/salman/Downloads/Antigravity (1)/Antigravity/Antigravity/server/controllers/issueController.js:142:9)
Resolve Error: BSONObj size: 17409197 (0x109A4AD) is invalid. Size must be between 0 and 16793600(16MB) First element: _id: ObjectId('695f6562bf6f8e825c4df65b')
Stack: MongoServerError: BSONObj size: 17409197 (0x109A4AD) is invalid. Size must be between 0 and 16793600(16MB) First element: _id: ObjectId('695f6562bf6f8e825c4df65b')
    at UpdateOneOperation.handleOk (/Users/salman/Downloads/Antigravity (1)/Antigravity/Antigravity/server/node_modules/mongodb/lib/operations/update.js:70:19)
    at tryOperation (/Users/salman/Downloads/Antigravity (1)/Antigravity/Antigravity/server/node_modules/mongodb/lib/operations/execute_operation.js:216:34)
    at process.processTicksAndRejections (node:internal/process/task_queues:103:5)
    at async executeOperation (/Users/salman/Downloads/Antigravity (1)/Antigravity/Antigravity/server/node_modules/mongodb/lib/operations/execute_operation.js:80:16)
    at async Collection.updateOne (/Users/salman/Downloads/Antigravity (1)/Antigravity/Antigravity/server/node_modules/mongodb/lib/collection.js:238:16)
    at async model.$__save (/Users/salman/Downloads/Antigravity (1)/Antigravity/Antigravity/server/node_modules/mongoose/lib/model.js:451:18)
    at async model.save (/Users/salman/Downloads/Antigravity (1)/Antigravity/Antigravity/server/node_modules/mongoose/lib/model.js:609:5)
    at async exports.resolveIssue (/Users/salman/Downloads/Antigravity (1)/Antigravity/Antigravity/server/controllers/issueController.js:142:9)
Resolve Error: BSONObj size: 17409197 (0x109A4AD) is invalid. Size must be between 0 and 16793600(16MB) First element: _id: ObjectId('695f6562bf6f8e825c4df65b')
Stack: MongoServerError: BSONObj size: 17409197 (0x109A4AD) is invalid. Size must be between 0 and 16793600(16MB) First element: _id: ObjectId('695f6562bf6f8e825c4df65b')
    at UpdateOneOperation.handleOk (/Users/salman/Downloads/Antigravity (1)/Antigravity/Antigravity/server/node_modules/mongodb/lib/operations/update.js:70:19)
    at tryOperation (/Users/salman/Downloads/Antigravity (1)/Antigravity/Antigravity/server/node_modules/mongodb/lib/operations/execute_operation.js:216:34)
    at process.processTicksAndRejections (node:internal/process/task_queues:103:5)
    at async executeOperation (/Users/salman/Downloads/Antigravity (1)/Antigravity/Antigravity/server/node_modules/mongodb/lib/operations/execute_operation.js:80:16)
    at async Collection.updateOne (/Users/salman/Downloads/Antigravity (1)/Antigravity/Antigravity/server/node_modules/mongodb/lib/collection.js:238:16)
    at async model.$__save (/Users/salman/Downloads/Antigravity (1)/Antigravity/Antigravity/server/node_modules/mongoose/lib/model.js:451:18)
    at async model.save (/Users/salman/Downloads/Antigravity (1)/Antigravity/Antigravity/server/node_modules/mongoose/lib/model.js:609:5)
    at async exports.resolveIssue (/Users/salman/Downloads/Antigravity (1)/Antigravity/Antigravity/server/controllers/issueController.js:142:9)
Resolve Error: BSONObj size: 17409197 (0x109A4AD) is invalid. Size must be between 0 and 16793600(16MB) First element: _id: ObjectId('695f6562bf6f8e825c4df65b')
Stack: MongoServerError: BSONObj size: 17409197 (0x109A4AD) is invalid. Size must be between 0 and 16793600(16MB) First element: _id: ObjectId('695f6562bf6f8e825c4df65b')
    at UpdateOneOperation.handleOk (/Users/salman/Downloads/Antigravity (1)/Antigravity/Antigravity/server/node_modules/mongodb/lib/operations/update.js:70:19)
    at tryOperation (/Users/salman/Downloads/Antigravity (1)/Antigravity/Antigravity/server/node_modules/mongodb/lib/operations/execute_operation.js:216:34)
    at process.processTicksAndRejections (node:internal/process/task_queues:103:5)
    at async executeOperation (/Users/salman/Downloads/Antigravity (1)/Antigravity/Antigravity/server/node_modules/mongodb/lib/operations/execute_operation.js:80:16)
    at async Collection.updateOne (/Users/salman/Downloads/Antigravity (1)/Antigravity/Antigravity/server/node_modules/mongodb/lib/collection.js:238:16)
    at async model.$__save (/Users/salman/Downloads/Antigravity (1)/Antigravity/Antigravity/server/node_modules/mongoose/lib/model.js:451:18)
    at async model.save (/Users/salman/Downloads/Antigravity (1)/Antigravity/Antigravity/server/node_modules/mongoose/lib/model.js:609:5)
    at async exports.resolveIssue (/Users/salman/Downloads/Antigravity (1)/Antigravity/Antigravity/server/controllers/issueController.js:142:9)
Resolve Error: BSONObj size: 17409197 (0x109A4AD) is invalid. Size must be between 0 and 16793600(16MB) First element: _id: ObjectId('695f6562bf6f8e825c4df65b')
Stack: MongoServerError: BSONObj size: 17409197 (0x109A4AD) is invalid. Size must be between 0 and 16793600(16MB) First element: _id: ObjectId('695f6562bf6f8e825c4df65b')
    at UpdateOneOperation.handleOk (/Users/salman/Downloads/Antigravity (1)/Antigravity/Antigravity/server/node_modules/mongodb/lib/operations/update.js:70:19)
    at tryOperation (/Users/salman/Downloads/Antigravity (1)/Antigravity/Antigravity/server/node_modules/mongodb/lib/operations/execute_operation.js:216:34)
    at process.processTicksAndRejections (node:internal/process/task_queues:103:5)
    at async executeOperation (/Users/salman/Downloads/Antigravity (1)/Antigravity/Antigravity/server/node_modules/mongodb/lib/operations/execute_operation.js:80:16)
    at async Collection.updateOne (/Users/salman/Downloads/Antigravity (1)/Antigravity/Antigravity/server/node_modules/mongodb/lib/collection.js:238:16)
    at async model.$__save (/Users/salman/Downloads/Antigravity (1)/Antigravity/Antigravity/server/node_modules/mongoose/lib/model.js:451:18)
    at async model.save (/Users/salman/Downloads/Antigravity (1)/Antigravity/Antigravity/server/node_modules/mongoose/lib/model.js:609:5)
    at async exports.resolveIssue (/Users/salman/Downloads/Antigravity (1)/Antigravity/Antigravity/server/controllers/issueController.js:142:9)
Resolve Error: BSONObj size: 17409197 (0x109A4AD) is invalid. Size must be between 0 and 16793600(16MB) First element: _id: ObjectId('695f6562bf6f8e825c4df65b')
Stack: MongoServerError: BSONObj size: 17409197 (0x109A4AD) is invalid. Size must be between 0 and 16793600(16MB) First element: _id: ObjectId('695f6562bf6f8e825c4df65b')
    at UpdateOneOperation.handleOk (/Users/salman/Downloads/Antigravity (1)/Antigravity/Antigravity/server/node_modules/mongodb/lib/operations/update.js:70:19)
    at tryOperation (/Users/salman/Downloads/Antigravity (1)/Antigravity/Antigravity/server/node_modules/mongodb/lib/operations/execute_operation.js:216:34)
    at process.processTicksAndRejections (node:internal/process/task_queues:103:5)
    at async executeOperation (/Users/salman/Downloads/Antigravity (1)/Antigravity/Antigravity/server/node_modules/mongodb/lib/operations/execute_operation.js:80:16)
    at async Collection.updateOne (/Users/salman/Downloads/Antigravity (1)/Antigravity/Antigravity/server/node_modules/mongodb/lib/collection.js:238:16)
    at async model.$__save (/Users/salman/Downloads/Antigravity (1)/Antigravity/Antigravity/server/node_modules/mongoose/lib/model.js:451:18)
    at async model.save (/Users/salman/Downloads/Antigravity (1)/Antigravity/Antigravity/server/node_modules/mongoose/lib/model.js:609:5)
    at async exports.resolveIssue (/Users/salman/Downloads/Antigravity (1)/Antigravity/Antigravity/server/controllers/issueController.js:142:9)
Resolve Error: BSONObj size: 17409327 (0x109A52F) is invalid. Size must be between 0 and 16793600(16MB) First element: _id: ObjectId('695f6562bf6f8e825c4df65b')
Stack: MongoServerError: BSONObj size: 17409327 (0x109A52F) is invalid. Size must be between 0 and 16793600(16MB) First element: _id: ObjectId('695f6562bf6f8e825c4df65b')
    at UpdateOneOperation.handleOk (/Users/salman/Downloads/Antigravity (1)/Antigravity/Antigravity/server/node_modules/mongodb/lib/operations/update.js:70:19)
    at tryOperation (/Users/salman/Downloads/Antigravity (1)/Antigravity/Antigravity/server/node_modules/mongodb/lib/operations/execute_operation.js:216:34)
    at process.processTicksAndRejections (node:internal/process/task_queues:103:5)
    at async executeOperation (/Users/salman/Downloads/Antigravity (1)/Antigravity/Antigravity/server/node_modules/mongodb/lib/operations/execute_operation.js:80:16)
    at async Collection.updateOne (/Users/salman/Downloads/Antigravity (1)/Antigravity/Antigravity/server/node_modules/mongodb/lib/collection.js:238:16)
    at async model.$__save (/Users/salman/Downloads/Antigravity (1)/Antigravity/Antigravity/server/node_modules/mongoose/lib/model.js:451:18)
    at async model.save (/Users/salman/Downloads/Antigravity (1)/Antigravity/Antigravity/server/node_modules/mongoose/lib/model.js:609:5)
    at async exports.resolveIssue (/Users/salman/Downloads/Antigravity (1)/Antigravity/Antigravity/server/controllers/issueController.js:142:9)
Resolve Error: BSONObj size: 17409327 (0x109A52F) is invalid. Size must be between 0 and 16793600(16MB) First element: _id: ObjectId('695f6562bf6f8e825c4df65b')
Stack: MongoServerError: BSONObj size: 17409327 (0x109A52F) is invalid. Size must be between 0 and 16793600(16MB) First element: _id: ObjectId('695f6562bf6f8e825c4df65b')
    at UpdateOneOperation.handleOk (/Users/salman/Downloads/Antigravity (1)/Antigravity/Antigravity/server/node_modules/mongodb/lib/operations/update.js:70:19)
    at tryOperation (/Users/salman/Downloads/Antigravity (1)/Antigravity/Antigravity/server/node_modules/mongodb/lib/operations/execute_operation.js:216:34)
    at process.processTicksAndRejections (node:internal/process/task_queues:103:5)
    at async executeOperation (/Users/salman/Downloads/Antigravity (1)/Antigravity/Antigravity/server/node_modules/mongodb/lib/operations/execute_operation.js:80:16)
    at async Collection.updateOne (/Users/salman/Downloads/Antigravity (1)/Antigravity/Antigravity/server/node_modules/mongodb/lib/collection.js:238:16)
    at async model.$__save (/Users/salman/Downloads/Antigravity (1)/Antigravity/Antigravity/server/node_modules/mongoose/lib/model.js:451:18)
    at async model.save (/Users/salman/Downloads/Antigravity (1)/Antigravity/Antigravity/server/node_modules/mongoose/lib/model.js:609:5)
    at async exports.resolveIssue (/Users/salman/Downloads/Antigravity (1)/Antigravity/Antigravity/server/controllers/issueController.js:142:9)
Resolve Error: BSONObj size: 18632783 (0x11C504F) is invalid. Size must be between 0 and 16793600(16MB) First element: _id: ObjectId('695f6562bf6f8e825c4df65b')
Stack: MongoServerError: BSONObj size: 18632783 (0x11C504F) is invalid. Size must be between 0 and 16793600(16MB) First element: _id: ObjectId('695f6562bf6f8e825c4df65b')
    at UpdateOneOperation.handleOk (/Users/salman/Downloads/Antigravity (1)/Antigravity/Antigravity/server/node_modules/mongodb/lib/operations/update.js:70:19)
    at tryOperation (/Users/salman/Downloads/Antigravity (1)/Antigravity/Antigravity/server/node_modules/mongodb/lib/operations/execute_operation.js:216:34)
    at process.processTicksAndRejections (node:internal/process/task_queues:103:5)
    at async executeOperation (/Users/salman/Downloads/Antigravity (1)/Antigravity/Antigravity/server/node_modules/mongodb/lib/operations/execute_operation.js:80:16)
    at async Collection.updateOne (/Users/salman/Downloads/Antigravity (1)/Antigravity/Antigravity/server/node_modules/mongodb/lib/collection.js:238:16)
    at async model.$__save (/Users/salman/Downloads/Antigravity (1)/Antigravity/Antigravity/server/node_modules/mongoose/lib/model.js:451:18)
    at async model.save (/Users/salman/Downloads/Antigravity (1)/Antigravity/Antigravity/server/node_modules/mongoose/lib/model.js:609:5)
    at async exports.resolveIssue (/Users/salman/Downloads/Antigravity (1)/Antigravity/Antigravity/server/controllers/issueController.js:142:9)
Resolve Error: BSONObj size: 18632783 (0x11C504F) is invalid. Size must be between 0 and 16793600(16MB) First element: _id: ObjectId('695f6562bf6f8e825c4df65b')
Stack: MongoServerError: BSONObj size: 18632783 (0x11C504F) is invalid. Size must be between 0 and 16793600(16MB) First element: _id: ObjectId('695f6562bf6f8e825c4df65b')
    at UpdateOneOperation.handleOk (/Users/salman/Downloads/Antigravity (1)/Antigravity/Antigravity/server/node_modules/mongodb/lib/operations/update.js:70:19)
    at tryOperation (/Users/salman/Downloads/Antigravity (1)/Antigravity/Antigravity/server/node_modules/mongodb/lib/operations/execute_operation.js:216:34)
    at process.processTicksAndRejections (node:internal/process/task_queues:103:5)
    at async executeOperation (/Users/salman/Downloads/Antigravity (1)/Antigravity/Antigravity/server/node_modules/mongodb/lib/operations/execute_operation.js:80:16)
    at async Collection.updateOne (/Users/salman/Downloads/Antigravity (1)/Antigravity/Antigravity/server/node_modules/mongodb/lib/collection.js:238:16)
    at async model.$__save (/Users/salman/Downloads/Antigravity (1)/Antigravity/Antigravity/server/node_modules/mongoose/lib/model.js:451:18)
    at async model.save (/Users/salman/Downloads/Antigravity (1)/Antigravity/Antigravity/server/node_modules/mongoose/lib/model.js:609:5)
    at async exports.resolveIssue (/Users/salman/Downloads/Antigravity (1)/Antigravity/Antigravity/server/controllers/issueController.js:142:9)
Resolve Error: BSONObj size: 18632783 (0x11C504F) is invalid. Size must be between 0 and 16793600(16MB) First element: _id: ObjectId('695f6562bf6f8e825c4df65b')
Stack: MongoServerError: BSONObj size: 18632783 (0x11C504F) is invalid. Size must be between 0 and 16793600(16MB) First element: _id: ObjectId('695f6562bf6f8e825c4df65b')
    at UpdateOneOperation.handleOk (/Users/salman/Downloads/Antigravity (1)/Antigravity/Antigravity/server/node_modules/mongodb/lib/operations/update.js:70:19)
    at tryOperation (/Users/salman/Downloads/Antigravity (1)/Antigravity/Antigravity/server/node_modules/mongodb/lib/operations/execute_operation.js:216:34)
    at process.processTicksAndRejections (node:internal/process/task_queues:103:5)
    at async executeOperation (/Users/salman/Downloads/Antigravity (1)/Antigravity/Antigravity/server/node_modules/mongodb/lib/operations/execute_operation.js:80:16)
    at async Collection.updateOne (/Users/salman/Downloads/Antigravity (1)/Antigravity/Antigravity/server/node_modules/mongodb/lib/collection.js:238:16)
    at async model.$__save (/Users/salman/Downloads/Antigravity (1)/Antigravity/Antigravity/server/node_modules/mongoose/lib/model.js:451:18)
    at async model.save (/Users/salman/Downloads/Antigravity (1)/Antigravity/Antigravity/server/node_modules/mongoose/lib/model.js:609:5)
    at async exports.resolveIssue (/Users/salman/Downloads/Antigravity (1)/Antigravity/Antigravity/server/controllers/issueController.js:142:9)
Resolve Error: BSONObj size: 18632783 (0x11C504F) is invalid. Size must be between 0 and 16793600(16MB) First element: _id: ObjectId('695f6562bf6f8e825c4df65b')
Stack: MongoServerError: BSONObj size: 18632783 (0x11C504F) is invalid. Size must be between 0 and 16793600(16MB) First element: _id: ObjectId('695f6562bf6f8e825c4df65b')
    at UpdateOneOperation.handleOk (/Users/salman/Downloads/Antigravity (1)/Antigravity/Antigravity/server/node_modules/mongodb/lib/operations/update.js:70:19)
    at tryOperation (/Users/salman/Downloads/Antigravity (1)/Antigravity/Antigravity/server/node_modules/mongodb/lib/operations/execute_operation.js:216:34)
    at process.processTicksAndRejections (node:internal/process/task_queues:103:5)
    at async executeOperation (/Users/salman/Downloads/Antigravity (1)/Antigravity/Antigravity/server/node_modules/mongodb/lib/operations/execute_operation.js:80:16)
    at async Collection.updateOne (/Users/salman/Downloads/Antigravity (1)/Antigravity/Antigravity/server/node_modules/mongodb/lib/collection.js:238:16)
    at async model.$__save (/Users/salman/Downloads/Antigravity (1)/Antigravity/Antigravity/server/node_modules/mongoose/lib/model.js:451:18)
    at async model.save (/Users/salman/Downloads/Antigravity (1)/Antigravity/Antigravity/server/node_modules/mongoose/lib/model.js:609:5)
    at async exports.resolveIssue (/Users/salman/Downloads/Antigravity (1)/Antigravity/Antigravity/server/controllers/issueController.js:142:9)
Resolve Error: BSONObj size: 18632783 (0x11C504F) is invalid. Size must be between 0 and 16793600(16MB) First element: _id: ObjectId('695f6562bf6f8e825c4df65b')
Stack: MongoServerError: BSONObj size: 18632783 (0x11C504F) is invalid. Size must be between 0 and 16793600(16MB) First element: _id: ObjectId('695f6562bf6f8e825c4df65b')
    at UpdateOneOperation.handleOk (/Users/salman/Downloads/Antigravity (1)/Antigravity/Antigravity/server/node_modules/mongodb/lib/operations/update.js:70:19)
    at tryOperation (/Users/salman/Downloads/Antigravity (1)/Antigravity/Antigravity/server/node_modules/mongodb/lib/operations/execute_operation.js:216:34)
    at process.processTicksAndRejections (node:internal/process/task_queues:103:5)
    at async executeOperation (/Users/salman/Downloads/Antigravity (1)/Antigravity/Antigravity/server/node_modules/mongodb/lib/operations/execute_operation.js:80:16)
    at async Collection.updateOne (/Users/salman/Downloads/Antigravity (1)/Antigravity/Antigravity/server/node_modules/mongodb/lib/collection.js:238:16)
    at async model.$__save (/Users/salman/Downloads/Antigravity (1)/Antigravity/Antigravity/server/node_modules/mongoose/lib/model.js:451:18)
    at async model.save (/Users/salman/Downloads/Antigravity (1)/Antigravity/Antigravity/server/node_modules/mongoose/lib/model.js:609:5)
    at async exports.resolveIssue (/Users/salman/Downloads/Antigravity (1)/Antigravity/Antigravity/server/controllers/issueController.js:142:9)
Resolve Error: BSONObj size: 18632783 (0x11C504F) is invalid. Size must be between 0 and 16793600(16MB) First element: _id: ObjectId('695f6562bf6f8e825c4df65b')
Stack: MongoServerError: BSONObj size: 18632783 (0x11C504F) is invalid. Size must be between 0 and 16793600(16MB) First element: _id: ObjectId('695f6562bf6f8e825c4df65b')
    at UpdateOneOperation.handleOk (/Users/salman/Downloads/Antigravity (1)/Antigravity/Antigravity/server/node_modules/mongodb/lib/operations/update.js:70:19)
    at tryOperation (/Users/salman/Downloads/Antigravity (1)/Antigravity/Antigravity/server/node_modules/mongodb/lib/operations/execute_operation.js:216:34)
    at process.processTicksAndRejections (node:internal/process/task_queues:103:5)
    at async executeOperation (/Users/salman/Downloads/Antigravity (1)/Antigravity/Antigravity/server/node_modules/mongodb/lib/operations/execute_operation.js:80:16)
    at async Collection.updateOne (/Users/salman/Downloads/Antigravity (1)/Antigravity/Antigravity/server/node_modules/mongodb/lib/collection.js:238:16)
    at async model.$__save (/Users/salman/Downloads/Antigravity (1)/Antigravity/Antigravity/server/node_modules/mongoose/lib/model.js:451:18)
    at async model.save (/Users/salman/Downloads/Antigravity (1)/Antigravity/Antigravity/server/node_modules/mongoose/lib/model.js:609:5)
    at async exports.resolveIssue (/Users/salman/Downloads/Antigravity (1)/Antigravity/Antigravity/server/controllers/issueController.js:142:9)
Resolve Error: BSONObj size: 18632783 (0x11C504F) is invalid. Size must be between 0 and 16793600(16MB) First element: _id: ObjectId('695f6562bf6f8e825c4df65b')
Stack: MongoServerError: BSONObj size: 18632783 (0x11C504F) is invalid. Size must be between 0 and 16793600(16MB) First element: _id: ObjectId('695f6562bf6f8e825c4df65b')
    at UpdateOneOperation.handleOk (/Users/salman/Downloads/Antigravity (1)/Antigravity/Antigravity/server/node_modules/mongodb/lib/operations/update.js:70:19)
    at tryOperation (/Users/salman/Downloads/Antigravity (1)/Antigravity/Antigravity/server/node_modules/mongodb/lib/operations/execute_operation.js:216:34)
    at process.processTicksAndRejections (node:internal/process/task_queues:103:5)
    at async executeOperation (/Users/salman/Downloads/Antigravity (1)/Antigravity/Antigravity/server/node_modules/mongodb/lib/operations/execute_operation.js:80:16)
    at async Collection.updateOne (/Users/salman/Downloads/Antigravity (1)/Antigravity/Antigravity/server/node_modules/mongodb/lib/collection.js:238:16)
    at async model.$__save (/Users/salman/Downloads/Antigravity (1)/Antigravity/Antigravity/server/node_modules/mongoose/lib/model.js:451:18)
    at async model.save (/Users/salman/Downloads/Antigravity (1)/Antigravity/Antigravity/server/node_modules/mongoose/lib/model.js:609:5)
    at async exports.resolveIssue (/Users/salman/Downloads/Antigravity (1)/Antigravity/Antigravity/server/controllers/issueController.js:142:9)
Resolve Error: BSONObj size: 18632783 (0x11C504F) is invalid. Size must be between 0 and 16793600(16MB) First element: _id: ObjectId('695f6562bf6f8e825c4df65b')
Stack: MongoServerError: BSONObj size: 18632783 (0x11C504F) is invalid. Size must be between 0 and 16793600(16MB) First element: _id: ObjectId('695f6562bf6f8e825c4df65b')
    at UpdateOneOperation.handleOk (/Users/salman/Downloads/Antigravity (1)/Antigravity/Antigravity/server/node_modules/mongodb/lib/operations/update.js:70:19)
    at tryOperation (/Users/salman/Downloads/Antigravity (1)/Antigravity/Antigravity/server/node_modules/mongodb/lib/operations/execute_operation.js:216:34)
    at process.processTicksAndRejections (node:internal/process/task_queues:103:5)
    at async executeOperation (/Users/salman/Downloads/Antigravity (1)/Antigravity/Antigravity/server/node_modules/mongodb/lib/operations/execute_operation.js:80:16)
    at async Collection.updateOne (/Users/salman/Downloads/Antigravity (1)/Antigravity/Antigravity/server/node_modules/mongodb/lib/collection.js:238:16)
    at async model.$__save (/Users/salman/Downloads/Antigravity (1)/Antigravity/Antigravity/server/node_modules/mongoose/lib/model.js:451:18)
    at async model.save (/Users/salman/Downloads/Antigravity (1)/Antigravity/Antigravity/server/node_modules/mongoose/lib/model.js:609:5)
    at async exports.resolveIssue (/Users/salman/Downloads/Antigravity (1)/Antigravity/Antigravity/server/controllers/issueController.js:142:9)
Resolve Error: BSONObj size: 18632783 (0x11C504F) is invalid. Size must be between 0 and 16793600(16MB) First element: _id: ObjectId('695f6562bf6f8e825c4df65b')
Stack: MongoServerError: BSONObj size: 18632783 (0x11C504F) is invalid. Size must be between 0 and 16793600(16MB) First element: _id: ObjectId('695f6562bf6f8e825c4df65b')
    at UpdateOneOperation.handleOk (/Users/salman/Downloads/Antigravity (1)/Antigravity/Antigravity/server/node_modules/mongodb/lib/operations/update.js:70:19)
    at tryOperation (/Users/salman/Downloads/Antigravity (1)/Antigravity/Antigravity/server/node_modules/mongodb/lib/operations/execute_operation.js:216:34)
    at process.processTicksAndRejections (node:internal/process/task_queues:103:5)
    at async executeOperation (/Users/salman/Downloads/Antigravity (1)/Antigravity/Antigravity/server/node_modules/mongodb/lib/operations/execute_operation.js:80:16)
    at async Collection.updateOne (/Users/salman/Downloads/Antigravity (1)/Antigravity/Antigravity/server/node_modules/mongodb/lib/collection.js:238:16)
    at async model.$__save (/Users/salman/Downloads/Antigravity (1)/Antigravity/Antigravity/server/node_modules/mongoose/lib/model.js:451:18)
    at async model.save (/Users/salman/Downloads/Antigravity (1)/Antigravity/Antigravity/server/node_modules/mongoose/lib/model.js:609:5)
    at async exports.resolveIssue (/Users/salman/Downloads/Antigravity (1)/Antigravity/Antigravity/server/controllers/issueController.js:142:9)
Resolve Error: BSONObj size: 18632783 (0x11C504F) is invalid. Size must be between 0 and 16793600(16MB) First element: _id: ObjectId('695f6562bf6f8e825c4df65b')
Stack: MongoServerError: BSONObj size: 18632783 (0x11C504F) is invalid. Size must be between 0 and 16793600(16MB) First element: _id: ObjectId('695f6562bf6f8e825c4df65b')
    at UpdateOneOperation.handleOk (/Users/salman/Downloads/Antigravity (1)/Antigravity/Antigravity/server/node_modules/mongodb/lib/operations/update.js:70:19)
    at tryOperation (/Users/salman/Downloads/Antigravity (1)/Antigravity/Antigravity/server/node_modules/mongodb/lib/operations/execute_operation.js:216:34)
    at process.processTicksAndRejections (node:internal/process/task_queues:103:5)
    at async executeOperation (/Users/salman/Downloads/Antigravity (1)/Antigravity/Antigravity/server/node_modules/mongodb/lib/operations/execute_operation.js:80:16)
    at async Collection.updateOne (/Users/salman/Downloads/Antigravity (1)/Antigravity/Antigravity/server/node_modules/mongodb/lib/collection.js:238:16)
    at async model.$__save (/Users/salman/Downloads/Antigravity (1)/Antigravity/Antigravity/server/node_modules/mongoose/lib/model.js:451:18)
    at async model.save (/Users/salman/Downloads/Antigravity (1)/Antigravity/Antigravity/server/node_modules/mongoose/lib/model.js:609:5)
    at async exports.resolveIssue (/Users/salman/Downloads/Antigravity (1)/Antigravity/Antigravity/server/controllers/issueController.js:142:9)
Resolve Error: BSONObj size: 18632783 (0x11C504F) is invalid. Size must be between 0 and 16793600(16MB) First element: _id: ObjectId('695f6562bf6f8e825c4df65b')
Stack: MongoServerError: BSONObj size: 18632783 (0x11C504F) is invalid. Size must be between 0 and 16793600(16MB) First element: _id: ObjectId('695f6562bf6f8e825c4df65b')
    at UpdateOneOperation.handleOk (/Users/salman/Downloads/Antigravity (1)/Antigravity/Antigravity/server/node_modules/mongodb/lib/operations/update.js:70:19)
    at tryOperation (/Users/salman/Downloads/Antigravity (1)/Antigravity/Antigravity/server/node_modules/mongodb/lib/operations/execute_operation.js:216:34)
    at process.processTicksAndRejections (node:internal/process/task_queues:103:5)
    at async executeOperation (/Users/salman/Downloads/Antigravity (1)/Antigravity/Antigravity/server/node_modules/mongodb/lib/operations/execute_operation.js:80:16)
    at async Collection.updateOne (/Users/salman/Downloads/Antigravity (1)/Antigravity/Antigravity/server/node_modules/mongodb/lib/collection.js:238:16)
    at async model.$__save (/Users/salman/Downloads/Antigravity (1)/Antigravity/Antigravity/server/node_modules/mongoose/lib/model.js:451:18)
    at async model.save (/Users/salman/Downloads/Antigravity (1)/Antigravity/Antigravity/server/node_modules/mongoose/lib/model.js:609:5)
    at async exports.resolveIssue (/Users/salman/Downloads/Antigravity (1)/Antigravity/Antigravity/server/controllers/issueController.js:142:9)
Resolve Error: BSONObj size: 18632783 (0x11C504F) is invalid. Size must be between 0 and 16793600(16MB) First element: _id: ObjectId('695f6562bf6f8e825c4df65b')
Stack: MongoServerError: BSONObj size: 18632783 (0x11C504F) is invalid. Size must be between 0 and 16793600(16MB) First element: _id: ObjectId('695f6562bf6f8e825c4df65b')
    at UpdateOneOperation.handleOk (/Users/salman/Downloads/Antigravity (1)/Antigravity/Antigravity/server/node_modules/mongodb/lib/operations/update.js:70:19)
    at tryOperation (/Users/salman/Downloads/Antigravity (1)/Antigravity/Antigravity/server/node_modules/mongodb/lib/operations/execute_operation.js:216:34)
    at process.processTicksAndRejections (node:internal/process/task_queues:103:5)
    at async executeOperation (/Users/salman/Downloads/Antigravity (1)/Antigravity/Antigravity/server/node_modules/mongodb/lib/operations/execute_operation.js:80:16)
    at async Collection.updateOne (/Users/salman/Downloads/Antigravity (1)/Antigravity/Antigravity/server/node_modules/mongodb/lib/collection.js:238:16)
    at async model.$__save (/Users/salman/Downloads/Antigravity (1)/Antigravity/Antigravity/server/node_modules/mongoose/lib/model.js:451:18)
    at async model.save (/Users/salman/Downloads/Antigravity (1)/Antigravity/Antigravity/server/node_modules/mongoose/lib/model.js:609:5)
    at async exports.resolveIssue (/Users/salman/Downloads/Antigravity (1)/Antigravity/Antigravity/server/controllers/issueController.js:142:9)
Resolve Error: BSONObj size: 18632783 (0x11C504F) is invalid. Size must be between 0 and 16793600(16MB) First element: _id: ObjectId('695f6562bf6f8e825c4df65b')
Stack: MongoServerError: BSONObj size: 18632783 (0x11C504F) is invalid. Size must be between 0 and 16793600(16MB) First element: _id: ObjectId('695f6562bf6f8e825c4df65b')
    at UpdateOneOperation.handleOk (/Users/salman/Downloads/Antigravity (1)/Antigravity/Antigravity/server/node_modules/mongodb/lib/operations/update.js:70:19)
    at tryOperation (/Users/salman/Downloads/Antigravity (1)/Antigravity/Antigravity/server/node_modules/mongodb/lib/operations/execute_operation.js:216:34)
    at process.processTicksAndRejections (node:internal/process/task_queues:103:5)
    at async executeOperation (/Users/salman/Downloads/Antigravity (1)/Antigravity/Antigravity/server/node_modules/mongodb/lib/operations/execute_operation.js:80:16)
    at async Collection.updateOne (/Users/salman/Downloads/Antigravity (1)/Antigravity/Antigravity/server/node_modules/mongodb/lib/collection.js:238:16)
    at async model.$__save (/Users/salman/Downloads/Antigravity (1)/Antigravity/Antigravity/server/node_modules/mongoose/lib/model.js:451:18)
    at async model.save (/Users/salman/Downloads/Antigravity (1)/Antigravity/Antigravity/server/node_modules/mongoose/lib/model.js:609:5)
    at async exports.resolveIssue (/Users/salman/Downloads/Antigravity (1)/Antigravity/Antigravity/server/controllers/issueController.js:142:9)
Resolve Error: BSONObj size: 18632805 (0x11C5065) is invalid. Size must be between 0 and 16793600(16MB) First element: _id: ObjectId('695f6562bf6f8e825c4df65b')
Stack: MongoServerError: BSONObj size: 18632805 (0x11C5065) is invalid. Size must be between 0 and 16793600(16MB) First element: _id: ObjectId('695f6562bf6f8e825c4df65b')
    at UpdateOneOperation.handleOk (/Users/salman/Downloads/Antigravity (1)/Antigravity/Antigravity/server/node_modules/mongodb/lib/operations/update.js:70:19)
    at tryOperation (/Users/salman/Downloads/Antigravity (1)/Antigravity/Antigravity/server/node_modules/mongodb/lib/operations/execute_operation.js:216:34)
    at process.processTicksAndRejections (node:internal/process/task_queues:103:5)
    at async executeOperation (/Users/salman/Downloads/Antigravity (1)/Antigravity/Antigravity/server/node_modules/mongodb/lib/operations/execute_operation.js:80:16)
    at async Collection.updateOne (/Users/salman/Downloads/Antigravity (1)/Antigravity/Antigravity/server/node_modules/mongodb/lib/collection.js:238:16)
    at async model.$__save (/Users/salman/Downloads/Antigravity (1)/Antigravity/Antigravity/server/node_modules/mongoose/lib/model.js:451:18)
    at async model.save (/Users/salman/Downloads/Antigravity (1)/Antigravity/Antigravity/server/node_modules/mongoose/lib/model.js:609:5)
    at async exports.resolveIssue (/Users/salman/Downloads/Antigravity (1)/Antigravity/Antigravity/server/controllers/issueController.js:142:9)
Resolve Error: BSONObj size: 18632805 (0x11C5065) is invalid. Size must be between 0 and 16793600(16MB) First element: _id: ObjectId('695f6562bf6f8e825c4df65b')
Stack: MongoServerError: BSONObj size: 18632805 (0x11C5065) is invalid. Size must be between 0 and 16793600(16MB) First element: _id: ObjectId('695f6562bf6f8e825c4df65b')
    at UpdateOneOperation.handleOk (/Users/salman/Downloads/Antigravity (1)/Antigravity/Antigravity/server/node_modules/mongodb/lib/operations/update.js:70:19)
    at tryOperation (/Users/salman/Downloads/Antigravity (1)/Antigravity/Antigravity/server/node_modules/mongodb/lib/operations/execute_operation.js:216:34)
    at process.processTicksAndRejections (node:internal/process/task_queues:103:5)
    at async executeOperation (/Users/salman/Downloads/Antigravity (1)/Antigravity/Antigravity/server/node_modules/mongodb/lib/operations/execute_operation.js:80:16)
    at async Collection.updateOne (/Users/salman/Downloads/Antigravity (1)/Antigravity/Antigravity/server/node_modules/mongodb/lib/collection.js:238:16)
    at async model.$__save (/Users/salman/Downloads/Antigravity (1)/Antigravity/Antigravity/server/node_modules/mongoose/lib/model.js:451:18)
    at async model.save (/Users/salman/Downloads/Antigravity (1)/Antigravity/Antigravity/server/node_modules/mongoose/lib/model.js:609:5)
    at async exports.resolveIssue (/Users/salman/Downloads/Antigravity (1)/Antigravity/Antigravity/server/controllers/issueController.js:142:9)
Resolve Error: BSONObj size: 18632783 (0x11C504F) is invalid. Size must be between 0 and 16793600(16MB) First element: _id: ObjectId('695f6562bf6f8e825c4df65b')
Stack: MongoServerError: BSONObj size: 18632783 (0x11C504F) is invalid. Size must be between 0 and 16793600(16MB) First element: _id: ObjectId('695f6562bf6f8e825c4df65b')
    at UpdateOneOperation.handleOk (/Users/salman/Downloads/Antigravity (1)/Antigravity/Antigravity/server/node_modules/mongodb/lib/operations/update.js:70:19)
    at tryOperation (/Users/salman/Downloads/Antigravity (1)/Antigravity/Antigravity/server/node_modules/mongodb/lib/operations/execute_operation.js:216:34)
    at process.processTicksAndRejections (node:internal/process/task_queues:103:5)
    at async executeOperation (/Users/salman/Downloads/Antigravity (1)/Antigravity/Antigravity/server/node_modules/mongodb/lib/operations/execute_operation.js:80:16)
    at async Collection.updateOne (/Users/salman/Downloads/Antigravity (1)/Antigravity/Antigravity/server/node_modules/mongodb/lib/collection.js:238:16)
    at async model.$__save (/Users/salman/Downloads/Antigravity (1)/Antigravity/Antigravity/server/node_modules/mongoose/lib/model.js:451:18)
    at async model.save (/Users/salman/Downloads/Antigravity (1)/Antigravity/Antigravity/server/node_modules/mongoose/lib/model.js:609:5)
    at async exports.resolveIssue (/Users/salman/Downloads/Antigravity (1)/Antigravity/Antigravity/server/controllers/issueController.js:142:9)
Resolve Error: BSONObj size: 18632805 (0x11C5065) is invalid. Size must be between 0 and 16793600(16MB) First element: _id: ObjectId('695f6562bf6f8e825c4df65b')
Stack: MongoServerError: BSONObj size: 18632805 (0x11C5065) is invalid. Size must be between 0 and 16793600(16MB) First element: _id: ObjectId('695f6562bf6f8e825c4df65b')
    at UpdateOneOperation.handleOk (/Users/salman/Downloads/Antigravity (1)/Antigravity/Antigravity/server/node_modules/mongodb/lib/operations/update.js:70:19)
    at tryOperation (/Users/salman/Downloads/Antigravity (1)/Antigravity/Antigravity/server/node_modules/mongodb/lib/operations/execute_operation.js:216:34)
    at process.processTicksAndRejections (node:internal/process/task_queues:103:5)
    at async executeOperation (/Users/salman/Downloads/Antigravity (1)/Antigravity/Antigravity/server/node_modules/mongodb/lib/operations/execute_operation.js:80:16)
    at async Collection.updateOne (/Users/salman/Downloads/Antigravity (1)/Antigravity/Antigravity/server/node_modules/mongodb/lib/collection.js:238:16)
    at async model.$__save (/Users/salman/Downloads/Antigravity (1)/Antigravity/Antigravity/server/node_modules/mongoose/lib/model.js:451:18)
    at async model.save (/Users/salman/Downloads/Antigravity (1)/Antigravity/Antigravity/server/node_modules/mongoose/lib/model.js:609:5)
    at async exports.resolveIssue (/Users/salman/Downloads/Antigravity (1)/Antigravity/Antigravity/server/controllers/issueController.js:142:9)
